2020-04-09T15:15:22 (901) opening storage '1' using FileStorage
2020-04-09T15:15:22 StorageServer created RW with storages: 1:RW:./Data/Data.fs
2020-04-09T15:15:22 listening on ('localhost', 8090)
2020-04-09T15:15:38 Connected server protocol
2020-04-09T15:15:38 received handshake 'Z5'
2020-04-09T15:15:38 (localhost:8090) disconnected
2020-04-09T15:15:48 Connected server protocol
2020-04-09T15:15:48 received handshake 'Z5'
2020-04-09T15:15:48 (localhost:8090) disconnected
2020-04-09T15:15:48 Connected server protocol
2020-04-09T15:15:48 received handshake 'Z5'
2020-04-09T15:15:48 (localhost:8090) disconnected
2020-04-09T15:16:36 Connected server protocol
2020-04-09T15:16:36 received handshake 'Z5'
2020-04-09T15:16:36 (localhost:8090) disconnected
2020-04-09T15:16:58 (901) terminated by SIGINT
2020-04-09T15:16:58 closing storage '1'
2020-04-09T16:02:57 (1217) opening storage '1' using FileStorage
2020-04-09T16:02:57 StorageServer created RW with storages: 1:RW:./Data/Data.fs
2020-04-09T16:02:57 listening on ('localhost', 8090)
2020-04-09T16:03:01 Connected server protocol
2020-04-09T16:03:01 received handshake 'Z5'
2020-04-09T16:03:01 (localhost:8090) disconnected
2020-04-09T16:03:08 Connected server protocol
2020-04-09T16:03:08 received handshake 'Z5'
2020-04-09T16:03:08 (localhost:8090) disconnected
2020-04-09T16:03:08 Connected server protocol
2020-04-09T16:03:08 received handshake 'Z5'
2020-04-09T16:03:08 (localhost:8090) disconnected
2020-04-09T16:08:33 Connected server protocol
2020-04-09T16:08:33 received handshake 'Z5'
2020-04-09T16:08:33 (localhost:8090) disconnected
2020-04-09T16:08:37 Connected server protocol
2020-04-09T16:08:37 received handshake 'Z5'
2020-04-09T16:08:37 (localhost:8090) disconnected
2020-04-09T16:08:37 Connected server protocol
2020-04-09T16:08:37 received handshake 'Z5'
2020-04-09T16:08:37 (localhost:8090) disconnected
2020-04-09T16:08:37 Connected server protocol
2020-04-09T16:08:37 received handshake 'Z5'
2020-04-09T16:08:37 (localhost:8090) disconnected
2020-04-09T16:09:11 Connected server protocol
2020-04-09T16:09:11 received handshake 'Z5'
2020-04-09T16:09:11 (localhost:8090) disconnected
2020-04-09T16:09:14 Connected server protocol
2020-04-09T16:09:14 received handshake 'Z5'
2020-04-09T16:09:14 (localhost:8090) disconnected
2020-04-09T16:09:14 Connected server protocol
2020-04-09T16:09:14 received handshake 'Z5'
2020-04-09T16:09:14 (localhost:8090) disconnected
2020-04-09T16:09:14 Connected server protocol
2020-04-09T16:09:14 received handshake 'Z5'
2020-04-09T16:09:14 (localhost:8090) disconnected
2020-04-09T16:09:31 Connected server protocol
2020-04-09T16:09:31 received handshake 'Z5'
2020-04-09T16:09:31 (localhost:8090) disconnected
2020-04-09T16:09:34 Connected server protocol
2020-04-09T16:09:34 received handshake 'Z5'
2020-04-09T16:09:34 (localhost:8090) disconnected
2020-04-09T16:09:34 Connected server protocol
2020-04-09T16:09:34 received handshake 'Z5'
2020-04-09T16:09:34 (localhost:8090) disconnected
2020-04-09T16:09:34 Connected server protocol
2020-04-09T16:09:34 received handshake 'Z5'
2020-04-09T16:09:34 (localhost:8090) disconnected
2020-04-09T16:09:44 Connected server protocol
2020-04-09T16:09:44 received handshake 'Z5'
2020-04-09T16:09:44 (localhost:8090) disconnected
2020-04-09T16:09:48 Connected server protocol
2020-04-09T16:09:48 received handshake 'Z5'
2020-04-09T16:09:48 (localhost:8090) disconnected
2020-04-09T16:09:48 Connected server protocol
2020-04-09T16:09:48 received handshake 'Z5'
2020-04-09T16:09:48 (localhost:8090) disconnected
2020-04-09T16:09:48 Connected server protocol
2020-04-09T16:09:48 received handshake 'Z5'
2020-04-09T16:09:48 (localhost:8090) disconnected
2020-04-09T16:10:00 Connected server protocol
2020-04-09T16:10:00 received handshake 'Z5'
2020-04-09T16:10:00 (localhost:8090) disconnected
2020-04-09T16:10:00 Connected server protocol
2020-04-09T16:10:00 received handshake 'Z5'
2020-04-09T16:10:00 (localhost:8090) disconnected
2020-04-09T16:10:18 Connected server protocol
2020-04-09T16:10:18 received handshake 'Z5'
2020-04-09T16:10:18 (localhost:8090) disconnected
2020-04-09T16:10:34 Connected server protocol
2020-04-09T16:10:34 received handshake 'Z5'
2020-04-09T16:10:34 (localhost:8090) disconnected
2020-04-09T16:12:27 Connected server protocol
2020-04-09T16:12:27 received handshake 'Z5'
2020-04-09T16:12:27 (localhost:8090) disconnected
2020-04-09T16:12:31 Connected server protocol
2020-04-09T16:12:31 received handshake 'Z5'
2020-04-09T16:12:31 (localhost:8090) disconnected
2020-04-09T16:12:31 Connected server protocol
2020-04-09T16:12:31 received handshake 'Z5'
2020-04-09T16:12:31 (localhost:8090) disconnected
2020-04-09T16:12:31 Connected server protocol
2020-04-09T16:12:31 received handshake 'Z5'
2020-04-09T16:12:31 (localhost:8090) disconnected
2020-04-09T16:14:11 Connected server protocol
2020-04-09T16:14:11 received handshake 'Z5'
2020-04-09T16:14:12 (localhost:8090) disconnected
2020-04-09T16:14:19 Connected server protocol
2020-04-09T16:14:19 received handshake 'Z5'
2020-04-09T16:14:19 (localhost:8090) disconnected
2020-04-09T16:14:19 Connected server protocol
2020-04-09T16:14:19 received handshake 'Z5'
2020-04-09T16:14:19 (localhost:8090) disconnected
2020-04-09T16:14:19 Connected server protocol
2020-04-09T16:14:19 received handshake 'Z5'
2020-04-09T16:14:19 (localhost:8090) disconnected
2020-04-09T16:15:32 Connected server protocol
2020-04-09T16:15:32 received handshake 'Z5'
2020-04-09T16:15:32 (localhost:8090) disconnected
2020-04-09T16:15:34 Connected server protocol
2020-04-09T16:15:34 received handshake 'Z5'
2020-04-09T16:15:34 (localhost:8090) disconnected
2020-04-09T16:15:34 Connected server protocol
2020-04-09T16:15:34 received handshake 'Z5'
2020-04-09T16:15:34 (localhost:8090) disconnected
2020-04-09T16:15:34 Connected server protocol
2020-04-09T16:15:34 received handshake 'Z5'
2020-04-09T16:15:34 (localhost:8090) disconnected
2020-04-09T16:16:05 Connected server protocol
2020-04-09T16:16:05 received handshake 'Z5'
2020-04-09T16:16:05 (localhost:8090) disconnected
2020-04-09T16:16:11 Connected server protocol
2020-04-09T16:16:11 received handshake 'Z5'
2020-04-09T16:16:11 (localhost:8090) disconnected
2020-04-09T16:16:11 Connected server protocol
2020-04-09T16:16:11 received handshake 'Z5'
2020-04-09T16:16:11 (localhost:8090) disconnected
2020-04-09T16:16:12 Connected server protocol
2020-04-09T16:16:12 received handshake 'Z5'
2020-04-09T16:16:12 (localhost:8090) disconnected
2020-04-09T16:21:50 Connected server protocol
2020-04-09T16:21:50 received handshake 'Z5'
2020-04-09T16:21:50 (localhost:8090) disconnected
2020-04-09T16:21:54 Connected server protocol
2020-04-09T16:21:54 received handshake 'Z5'
2020-04-09T16:21:54 (localhost:8090) disconnected
2020-04-09T16:21:54 Connected server protocol
2020-04-09T16:21:54 received handshake 'Z5'
2020-04-09T16:21:54 (localhost:8090) disconnected
2020-04-09T16:21:54 Connected server protocol
2020-04-09T16:21:54 received handshake 'Z5'
2020-04-09T16:21:54 (localhost:8090) disconnected
2020-04-09T16:22:06 Connected server protocol
2020-04-09T16:22:06 received handshake 'Z5'
2020-04-09T16:22:06 (localhost:8090) disconnected
2020-04-09T16:22:11 Connected server protocol
2020-04-09T16:22:11 received handshake 'Z5'
2020-04-09T16:22:11 (localhost:8090) disconnected
2020-04-09T16:22:11 Connected server protocol
2020-04-09T16:22:11 received handshake 'Z5'
2020-04-09T16:22:11 (localhost:8090) disconnected
2020-04-09T16:22:15 Connected server protocol
2020-04-09T16:22:15 received handshake 'Z5'
2020-04-09T16:22:15 (localhost:8090) disconnected
2020-04-09T16:22:15 Connected server protocol
2020-04-09T16:22:15 received handshake 'Z5'
2020-04-09T16:22:15 (localhost:8090) disconnected
2020-04-09T16:22:31 Connected server protocol
2020-04-09T16:22:31 received handshake 'Z5'
2020-04-09T16:22:31 (localhost:8090) disconnected
2020-04-09T16:22:31 Connected server protocol
2020-04-09T16:22:31 received handshake 'Z5'
2020-04-09T16:22:31 (localhost:8090) disconnected
2020-04-09T16:22:31 Connected server protocol
2020-04-09T16:22:31 received handshake 'Z5'
2020-04-09T16:22:31 (localhost:8090) disconnected
2020-04-09T16:22:34 Connected server protocol
2020-04-09T16:22:34 received handshake 'Z5'
2020-04-09T16:22:34 (localhost:8090) disconnected
2020-04-09T16:22:41 Connected server protocol
2020-04-09T16:22:41 received handshake 'Z5'
2020-04-09T16:22:41 (localhost:8090) disconnected
2020-04-09T16:22:45 Connected server protocol
2020-04-09T16:22:45 received handshake 'Z5'
2020-04-09T16:22:45 (localhost:8090) disconnected
2020-04-09T16:22:46 Connected server protocol
2020-04-09T16:22:46 received handshake 'Z5'
2020-04-09T16:22:46 (localhost:8090) disconnected
2020-04-09T16:22:47 Connected server protocol
2020-04-09T16:22:47 received handshake 'Z5'
2020-04-09T16:22:47 (localhost:8090) disconnected
2020-04-09T16:22:48 Connected server protocol
2020-04-09T16:22:48 received handshake 'Z5'
2020-04-09T16:22:48 (localhost:8090) disconnected
2020-04-09T16:22:50 Connected server protocol
2020-04-09T16:22:50 received handshake 'Z5'
2020-04-09T16:22:50 (localhost:8090) disconnected
2020-04-09T16:22:52 Connected server protocol
2020-04-09T16:22:52 received handshake 'Z5'
2020-04-09T16:22:52 (localhost:8090) disconnected
2020-04-09T16:24:22 Connected server protocol
2020-04-09T16:24:22 received handshake 'Z5'
2020-04-09T16:24:22 (localhost:8090) disconnected
2020-04-09T16:24:28 Connected server protocol
2020-04-09T16:24:28 received handshake 'Z5'
2020-04-09T16:24:28 (localhost:8090) disconnected
2020-04-09T16:24:28 Connected server protocol
2020-04-09T16:24:28 received handshake 'Z5'
2020-04-09T16:24:28 (localhost:8090) disconnected
2020-04-09T16:24:28 Connected server protocol
2020-04-09T16:24:28 received handshake 'Z5'
2020-04-09T16:24:28 (localhost:8090) disconnected
2020-04-09T16:24:34 Connected server protocol
2020-04-09T16:24:34 received handshake 'Z5'
2020-04-09T16:24:34 (localhost:8090) disconnected
2020-04-09T16:25:13 Connected server protocol
2020-04-09T16:25:13 received handshake 'Z5'
2020-04-09T16:25:13 (localhost:8090) disconnected
2020-04-09T16:25:16 Connected server protocol
2020-04-09T16:25:16 received handshake 'Z5'
2020-04-09T16:25:16 (localhost:8090) disconnected
2020-04-09T16:25:16 Connected server protocol
2020-04-09T16:25:16 received handshake 'Z5'
2020-04-09T16:25:16 (localhost:8090) disconnected
2020-04-09T16:25:16 Connected server protocol
2020-04-09T16:25:16 received handshake 'Z5'
2020-04-09T16:25:16 (localhost:8090) disconnected
2020-04-09T16:26:25 Connected server protocol
2020-04-09T16:26:25 received handshake 'Z5'
2020-04-09T16:26:25 (localhost:8090) disconnected
2020-04-09T16:26:27 Connected server protocol
2020-04-09T16:26:27 received handshake 'Z5'
2020-04-09T16:26:27 (localhost:8090) disconnected
2020-04-09T16:26:27 Connected server protocol
2020-04-09T16:26:27 received handshake 'Z5'
2020-04-09T16:26:27 (localhost:8090) disconnected
2020-04-09T16:26:27 Connected server protocol
2020-04-09T16:26:27 received handshake 'Z5'
2020-04-09T16:26:27 (localhost:8090) disconnected
2020-04-09T16:27:02 Connected server protocol
2020-04-09T16:27:02 received handshake 'Z5'
2020-04-09T16:27:02 (localhost:8090) disconnected
2020-04-09T16:27:05 Connected server protocol
2020-04-09T16:27:05 received handshake 'Z5'
2020-04-09T16:27:05 (localhost:8090) disconnected
2020-04-09T16:27:05 Connected server protocol
2020-04-09T16:27:05 received handshake 'Z5'
2020-04-09T16:27:05 (localhost:8090) disconnected
2020-04-09T16:27:05 Connected server protocol
2020-04-09T16:27:05 received handshake 'Z5'
2020-04-09T16:27:05 (localhost:8090) disconnected
2020-04-09T16:27:25 Connected server protocol
2020-04-09T16:27:25 received handshake 'Z5'
2020-04-09T16:27:25 (localhost:8090) disconnected
2020-04-09T16:27:29 Connected server protocol
2020-04-09T16:27:29 received handshake 'Z5'
2020-04-09T16:27:29 (localhost:8090) disconnected
2020-04-09T16:27:29 Connected server protocol
2020-04-09T16:27:29 received handshake 'Z5'
2020-04-09T16:27:29 (localhost:8090) disconnected
2020-04-09T16:27:29 Connected server protocol
2020-04-09T16:27:29 received handshake 'Z5'
2020-04-09T16:27:29 (localhost:8090) disconnected
2020-04-09T16:28:31 Connected server protocol
2020-04-09T16:28:31 received handshake 'Z5'
2020-04-09T16:28:31 (localhost:8090) disconnected
2020-04-09T16:28:34 Connected server protocol
2020-04-09T16:28:34 received handshake 'Z5'
2020-04-09T16:28:34 (localhost:8090) disconnected
2020-04-09T16:28:34 Connected server protocol
2020-04-09T16:28:34 received handshake 'Z5'
2020-04-09T16:28:34 (localhost:8090) disconnected
2020-04-09T16:28:34 Connected server protocol
2020-04-09T16:28:34 received handshake 'Z5'
2020-04-09T16:28:34 (localhost:8090) disconnected
2020-04-09T16:29:42 Connected server protocol
2020-04-09T16:29:42 received handshake 'Z5'
2020-04-09T16:29:42 (localhost:8090) disconnected
2020-04-09T16:29:44 Connected server protocol
2020-04-09T16:29:44 received handshake 'Z5'
2020-04-09T16:29:44 (localhost:8090) disconnected
2020-04-09T16:29:44 Connected server protocol
2020-04-09T16:29:44 received handshake 'Z5'
2020-04-09T16:29:44 (localhost:8090) disconnected
2020-04-09T16:29:44 Connected server protocol
2020-04-09T16:29:44 received handshake 'Z5'
2020-04-09T16:29:44 (localhost:8090) disconnected
2020-04-09T17:11:35 Connected server protocol
2020-04-09T17:11:35 received handshake 'Z5'
2020-04-09T17:11:35 (localhost:8090) disconnected
2020-04-09T17:11:38 Connected server protocol
2020-04-09T17:11:38 received handshake 'Z5'
2020-04-09T17:11:38 (localhost:8090) disconnected
2020-04-09T17:11:38 Connected server protocol
2020-04-09T17:11:38 received handshake 'Z5'
2020-04-09T17:11:38 (localhost:8090) disconnected
2020-04-09T17:11:43 Connected server protocol
2020-04-09T17:11:43 received handshake 'Z5'
2020-04-09T17:11:43 (localhost:8090) disconnected
2020-04-09T17:11:43 Connected server protocol
2020-04-09T17:11:43 received handshake 'Z5'
2020-04-09T17:11:43 (localhost:8090) disconnected
2020-04-09T17:11:48 Connected server protocol
2020-04-09T17:11:48 received handshake 'Z5'
2020-04-09T17:11:48 (localhost:8090) disconnected
2020-04-09T17:11:59 Connected server protocol
2020-04-09T17:11:59 received handshake 'Z5'
2020-04-09T17:11:59 (localhost:8090) disconnected
2020-04-09T17:17:37 Connected server protocol
2020-04-09T17:17:37 received handshake 'Z5'
2020-04-09T17:17:37 (localhost:8090) disconnected
2020-04-09T17:17:37 Connected server protocol
2020-04-09T17:17:37 received handshake 'Z5'
2020-04-09T17:17:37 (localhost:8090) disconnected
2020-04-09T17:17:40 Connected server protocol
2020-04-09T17:17:40 received handshake 'Z5'
2020-04-09T17:17:40 (localhost:8090) disconnected
